++ /home/mingcanxiang/anaconda3/bin/conda shell.bash hook
+ __conda_setup='export CONDA_EXE='\''/home/mingcanxiang/anaconda3/bin/conda'\''
export _CE_M='\'''\''
export _CE_CONDA='\'''\''
export CONDA_PYTHON_EXE='\''/home/mingcanxiang/anaconda3/bin/python'\''

# Copyright (C) 2012 Anaconda, Inc
# SPDX-License-Identifier: BSD-3-Clause

__add_sys_prefix_to_path() {
    # In dev-mode CONDA_EXE is python.exe and on Windows
    # it is in a different relative location to condabin.
    if [ -n "${_CE_CONDA}" ] && [ -n "${WINDIR+x}" ]; then
        SYSP=$(\dirname "${CONDA_EXE}")
    else
        SYSP=$(\dirname "${CONDA_EXE}")
        SYSP=$(\dirname "${SYSP}")
    fi

    if [ -n "${WINDIR+x}" ]; then
        PATH="${SYSP}/bin:${PATH}"
        PATH="${SYSP}/Scripts:${PATH}"
        PATH="${SYSP}/Library/bin:${PATH}"
        PATH="${SYSP}/Library/usr/bin:${PATH}"
        PATH="${SYSP}/Library/mingw-w64/bin:${PATH}"
        PATH="${SYSP}:${PATH}"
    else
        PATH="${SYSP}/bin:${PATH}"
    fi
    \export PATH
}

__conda_hashr() {
    if [ -n "${ZSH_VERSION:+x}" ]; then
        \rehash
    elif [ -n "${POSH_VERSION:+x}" ]; then
        :  # pass
    else
        \hash -r
    fi
}

__conda_activate() {
    if [ -n "${CONDA_PS1_BACKUP:+x}" ]; then
        # Handle transition from shell activated with conda <= 4.3 to a subsequent activation
        # after conda updated to >= 4.4. See issue #6173.
        PS1="$CONDA_PS1_BACKUP"
        \unset CONDA_PS1_BACKUP
    fi

    \local cmd="$1"
    shift
    \local ask_conda
    CONDA_INTERNAL_OLDPATH="${PATH}"
    __add_sys_prefix_to_path
    ask_conda="$(PS1="$PS1" "$CONDA_EXE" $_CE_M $_CE_CONDA shell.posix "$cmd" "$@")" || \return $?
    rc=$?
    PATH="${CONDA_INTERNAL_OLDPATH}"
    \eval "$ask_conda"
    if [ $rc != 0 ]; then
        \export PATH
    fi
    __conda_hashr
}

__conda_reactivate() {
    \local ask_conda
    CONDA_INTERNAL_OLDPATH="${PATH}"
    __add_sys_prefix_to_path
    ask_conda="$(PS1="$PS1" "$CONDA_EXE" $_CE_M $_CE_CONDA shell.posix reactivate)" || \return $?
    PATH="${CONDA_INTERNAL_OLDPATH}"
    \eval "$ask_conda"
    __conda_hashr
}

conda() {
    if [ "$#" -lt 1 ]; then
        "$CONDA_EXE" $_CE_M $_CE_CONDA
    else
        \local cmd="$1"
        shift
        case "$cmd" in
            activate|deactivate)
                __conda_activate "$cmd" "$@"
                ;;
            install|update|upgrade|remove|uninstall)
                CONDA_INTERNAL_OLDPATH="${PATH}"
                __add_sys_prefix_to_path
                "$CONDA_EXE" $_CE_M $_CE_CONDA "$cmd" "$@"
                \local t1=$?
                PATH="${CONDA_INTERNAL_OLDPATH}"
                if [ $t1 = 0 ]; then
                    __conda_reactivate
                else
                    return $t1
                fi
                ;;
            *)
                CONDA_INTERNAL_OLDPATH="${PATH}"
                __add_sys_prefix_to_path
                "$CONDA_EXE" $_CE_M $_CE_CONDA "$cmd" "$@"
                \local t1=$?
                PATH="${CONDA_INTERNAL_OLDPATH}"
                return $t1
                ;;
        esac
    fi
}

if [ -z "${CONDA_SHLVL+x}" ]; then
    \export CONDA_SHLVL=0
    # In dev-mode CONDA_EXE is python.exe and on Windows
    # it is in a different relative location to condabin.
    if [ -n "${_CE_CONDA:+x}" ] && [ -n "${WINDIR+x}" ]; then
        PATH="$(\dirname "$CONDA_EXE")/condabin${PATH:+":${PATH}"}"
    else
        PATH="$(\dirname "$(\dirname "$CONDA_EXE")")/condabin${PATH:+":${PATH}"}"
    fi
    \export PATH

    # We'\''re not allowing PS1 to be unbound. It must at least be set.
    # However, we'\''re not exporting it, which can cause problems when starting a second shell
    # via a first shell (i.e. starting zsh from bash).
    if [ -z "${PS1+x}" ]; then
        PS1=
    fi
fi

conda activate base'
+ '[' 0 -eq 0 ']'
+ eval 'export CONDA_EXE='\''/home/mingcanxiang/anaconda3/bin/conda'\''
export _CE_M='\'''\''
export _CE_CONDA='\'''\''
export CONDA_PYTHON_EXE='\''/home/mingcanxiang/anaconda3/bin/python'\''

# Copyright (C) 2012 Anaconda, Inc
# SPDX-License-Identifier: BSD-3-Clause

__add_sys_prefix_to_path() {
    # In dev-mode CONDA_EXE is python.exe and on Windows
    # it is in a different relative location to condabin.
    if [ -n "${_CE_CONDA}" ] && [ -n "${WINDIR+x}" ]; then
        SYSP=$(\dirname "${CONDA_EXE}")
    else
        SYSP=$(\dirname "${CONDA_EXE}")
        SYSP=$(\dirname "${SYSP}")
    fi

    if [ -n "${WINDIR+x}" ]; then
        PATH="${SYSP}/bin:${PATH}"
        PATH="${SYSP}/Scripts:${PATH}"
        PATH="${SYSP}/Library/bin:${PATH}"
        PATH="${SYSP}/Library/usr/bin:${PATH}"
        PATH="${SYSP}/Library/mingw-w64/bin:${PATH}"
        PATH="${SYSP}:${PATH}"
    else
        PATH="${SYSP}/bin:${PATH}"
    fi
    \export PATH
}

__conda_hashr() {
    if [ -n "${ZSH_VERSION:+x}" ]; then
        \rehash
    elif [ -n "${POSH_VERSION:+x}" ]; then
        :  # pass
    else
        \hash -r
    fi
}

__conda_activate() {
    if [ -n "${CONDA_PS1_BACKUP:+x}" ]; then
        # Handle transition from shell activated with conda <= 4.3 to a subsequent activation
        # after conda updated to >= 4.4. See issue #6173.
        PS1="$CONDA_PS1_BACKUP"
        \unset CONDA_PS1_BACKUP
    fi

    \local cmd="$1"
    shift
    \local ask_conda
    CONDA_INTERNAL_OLDPATH="${PATH}"
    __add_sys_prefix_to_path
    ask_conda="$(PS1="$PS1" "$CONDA_EXE" $_CE_M $_CE_CONDA shell.posix "$cmd" "$@")" || \return $?
    rc=$?
    PATH="${CONDA_INTERNAL_OLDPATH}"
    \eval "$ask_conda"
    if [ $rc != 0 ]; then
        \export PATH
    fi
    __conda_hashr
}

__conda_reactivate() {
    \local ask_conda
    CONDA_INTERNAL_OLDPATH="${PATH}"
    __add_sys_prefix_to_path
    ask_conda="$(PS1="$PS1" "$CONDA_EXE" $_CE_M $_CE_CONDA shell.posix reactivate)" || \return $?
    PATH="${CONDA_INTERNAL_OLDPATH}"
    \eval "$ask_conda"
    __conda_hashr
}

conda() {
    if [ "$#" -lt 1 ]; then
        "$CONDA_EXE" $_CE_M $_CE_CONDA
    else
        \local cmd="$1"
        shift
        case "$cmd" in
            activate|deactivate)
                __conda_activate "$cmd" "$@"
                ;;
            install|update|upgrade|remove|uninstall)
                CONDA_INTERNAL_OLDPATH="${PATH}"
                __add_sys_prefix_to_path
                "$CONDA_EXE" $_CE_M $_CE_CONDA "$cmd" "$@"
                \local t1=$?
                PATH="${CONDA_INTERNAL_OLDPATH}"
                if [ $t1 = 0 ]; then
                    __conda_reactivate
                else
                    return $t1
                fi
                ;;
            *)
                CONDA_INTERNAL_OLDPATH="${PATH}"
                __add_sys_prefix_to_path
                "$CONDA_EXE" $_CE_M $_CE_CONDA "$cmd" "$@"
                \local t1=$?
                PATH="${CONDA_INTERNAL_OLDPATH}"
                return $t1
                ;;
        esac
    fi
}

if [ -z "${CONDA_SHLVL+x}" ]; then
    \export CONDA_SHLVL=0
    # In dev-mode CONDA_EXE is python.exe and on Windows
    # it is in a different relative location to condabin.
    if [ -n "${_CE_CONDA:+x}" ] && [ -n "${WINDIR+x}" ]; then
        PATH="$(\dirname "$CONDA_EXE")/condabin${PATH:+":${PATH}"}"
    else
        PATH="$(\dirname "$(\dirname "$CONDA_EXE")")/condabin${PATH:+":${PATH}"}"
    fi
    \export PATH

    # We'\''re not allowing PS1 to be unbound. It must at least be set.
    # However, we'\''re not exporting it, which can cause problems when starting a second shell
    # via a first shell (i.e. starting zsh from bash).
    if [ -z "${PS1+x}" ]; then
        PS1=
    fi
fi

conda activate base'
++ export CONDA_EXE=/home/mingcanxiang/anaconda3/bin/conda
++ CONDA_EXE=/home/mingcanxiang/anaconda3/bin/conda
++ export _CE_M=
++ _CE_M=
++ export _CE_CONDA=
++ _CE_CONDA=
++ export CONDA_PYTHON_EXE=/home/mingcanxiang/anaconda3/bin/python
++ CONDA_PYTHON_EXE=/home/mingcanxiang/anaconda3/bin/python
++ '[' -z x ']'
++ conda activate base
++ '[' 2 -lt 1 ']'
++ local cmd=activate
++ shift
++ case "$cmd" in
++ __conda_activate activate base
++ '[' -n '' ']'
++ local cmd=activate
++ shift
++ local ask_conda
++ CONDA_INTERNAL_OLDPATH=/home/mingcanxiang/anaconda3/envs/slimming36/bin:/home/mingcanxiang/anaconda3/condabin:/cm/shared/apps/hdf5/1.6.10/bin:/cm/shared/apps/openmpi/gcc/64/1.10.1/bin:/cm/local/apps/cuda/libs/current/bin:/cm/shared/apps/cuda75/sdk/7.5.18/bin/x86_64/linux/release:/cm/shared/apps/cuda75/toolkit/7.5.18/bin:/cm/shared/apps/slurm/16.05.8/sbin:/cm/shared/apps/slurm/16.05.8/bin:/usr/local/bin:/usr/bin:/usr/local/sbin:/usr/sbin:/sbin:/usr/sbin:/cm/local/apps/environment-modules/3.2.10/bin:/home/mingcanxiang/.local/bin:/home/mingcanxiang/bin
++ __add_sys_prefix_to_path
++ '[' -n '' ']'
+++ dirname /home/mingcanxiang/anaconda3/bin/conda
++ SYSP=/home/mingcanxiang/anaconda3/bin
+++ dirname /home/mingcanxiang/anaconda3/bin
++ SYSP=/home/mingcanxiang/anaconda3
++ '[' -n '' ']'
++ PATH=/home/mingcanxiang/anaconda3/bin:/home/mingcanxiang/anaconda3/envs/slimming36/bin:/home/mingcanxiang/anaconda3/condabin:/cm/shared/apps/hdf5/1.6.10/bin:/cm/shared/apps/openmpi/gcc/64/1.10.1/bin:/cm/local/apps/cuda/libs/current/bin:/cm/shared/apps/cuda75/sdk/7.5.18/bin/x86_64/linux/release:/cm/shared/apps/cuda75/toolkit/7.5.18/bin:/cm/shared/apps/slurm/16.05.8/sbin:/cm/shared/apps/slurm/16.05.8/bin:/usr/local/bin:/usr/bin:/usr/local/sbin:/usr/sbin:/sbin:/usr/sbin:/cm/local/apps/environment-modules/3.2.10/bin:/home/mingcanxiang/.local/bin:/home/mingcanxiang/bin
++ export PATH
+++ PS1=
+++ /home/mingcanxiang/anaconda3/bin/conda shell.posix activate base
++ ask_conda='export PATH='\''/home/mingcanxiang/anaconda3/bin:/home/mingcanxiang/anaconda3/condabin:/cm/shared/apps/hdf5/1.6.10/bin:/cm/shared/apps/openmpi/gcc/64/1.10.1/bin:/cm/local/apps/cuda/libs/current/bin:/cm/shared/apps/cuda75/sdk/7.5.18/bin/x86_64/linux/release:/cm/shared/apps/cuda75/toolkit/7.5.18/bin:/cm/shared/apps/slurm/16.05.8/sbin:/cm/shared/apps/slurm/16.05.8/bin:/usr/local/bin:/usr/bin:/usr/local/sbin:/usr/sbin:/sbin:/usr/sbin:/cm/local/apps/environment-modules/3.2.10/bin:/home/mingcanxiang/.local/bin:/home/mingcanxiang/bin'\''
unset CONDA_PREFIX_1
PS1='\''(base) '\''
export CONDA_PREFIX='\''/home/mingcanxiang/anaconda3'\''
export CONDA_SHLVL='\''1'\''
export CONDA_DEFAULT_ENV='\''base'\''
export CONDA_PROMPT_MODIFIER='\''(base) '\''
export CONDA_EXE='\''/home/mingcanxiang/anaconda3/bin/conda'\''
export _CE_M='\'''\''
export _CE_CONDA='\'''\''
export CONDA_PYTHON_EXE='\''/home/mingcanxiang/anaconda3/bin/python'\'''
++ rc=0
++ PATH=/home/mingcanxiang/anaconda3/envs/slimming36/bin:/home/mingcanxiang/anaconda3/condabin:/cm/shared/apps/hdf5/1.6.10/bin:/cm/shared/apps/openmpi/gcc/64/1.10.1/bin:/cm/local/apps/cuda/libs/current/bin:/cm/shared/apps/cuda75/sdk/7.5.18/bin/x86_64/linux/release:/cm/shared/apps/cuda75/toolkit/7.5.18/bin:/cm/shared/apps/slurm/16.05.8/sbin:/cm/shared/apps/slurm/16.05.8/bin:/usr/local/bin:/usr/bin:/usr/local/sbin:/usr/sbin:/sbin:/usr/sbin:/cm/local/apps/environment-modules/3.2.10/bin:/home/mingcanxiang/.local/bin:/home/mingcanxiang/bin
++ eval 'export PATH='\''/home/mingcanxiang/anaconda3/bin:/home/mingcanxiang/anaconda3/condabin:/cm/shared/apps/hdf5/1.6.10/bin:/cm/shared/apps/openmpi/gcc/64/1.10.1/bin:/cm/local/apps/cuda/libs/current/bin:/cm/shared/apps/cuda75/sdk/7.5.18/bin/x86_64/linux/release:/cm/shared/apps/cuda75/toolkit/7.5.18/bin:/cm/shared/apps/slurm/16.05.8/sbin:/cm/shared/apps/slurm/16.05.8/bin:/usr/local/bin:/usr/bin:/usr/local/sbin:/usr/sbin:/sbin:/usr/sbin:/cm/local/apps/environment-modules/3.2.10/bin:/home/mingcanxiang/.local/bin:/home/mingcanxiang/bin'\''
unset CONDA_PREFIX_1
PS1='\''(base) '\''
export CONDA_PREFIX='\''/home/mingcanxiang/anaconda3'\''
export CONDA_SHLVL='\''1'\''
export CONDA_DEFAULT_ENV='\''base'\''
export CONDA_PROMPT_MODIFIER='\''(base) '\''
export CONDA_EXE='\''/home/mingcanxiang/anaconda3/bin/conda'\''
export _CE_M='\'''\''
export _CE_CONDA='\'''\''
export CONDA_PYTHON_EXE='\''/home/mingcanxiang/anaconda3/bin/python'\'''
+++ export PATH=/home/mingcanxiang/anaconda3/bin:/home/mingcanxiang/anaconda3/condabin:/cm/shared/apps/hdf5/1.6.10/bin:/cm/shared/apps/openmpi/gcc/64/1.10.1/bin:/cm/local/apps/cuda/libs/current/bin:/cm/shared/apps/cuda75/sdk/7.5.18/bin/x86_64/linux/release:/cm/shared/apps/cuda75/toolkit/7.5.18/bin:/cm/shared/apps/slurm/16.05.8/sbin:/cm/shared/apps/slurm/16.05.8/bin:/usr/local/bin:/usr/bin:/usr/local/sbin:/usr/sbin:/sbin:/usr/sbin:/cm/local/apps/environment-modules/3.2.10/bin:/home/mingcanxiang/.local/bin:/home/mingcanxiang/bin
+++ PATH=/home/mingcanxiang/anaconda3/bin:/home/mingcanxiang/anaconda3/condabin:/cm/shared/apps/hdf5/1.6.10/bin:/cm/shared/apps/openmpi/gcc/64/1.10.1/bin:/cm/local/apps/cuda/libs/current/bin:/cm/shared/apps/cuda75/sdk/7.5.18/bin/x86_64/linux/release:/cm/shared/apps/cuda75/toolkit/7.5.18/bin:/cm/shared/apps/slurm/16.05.8/sbin:/cm/shared/apps/slurm/16.05.8/bin:/usr/local/bin:/usr/bin:/usr/local/sbin:/usr/sbin:/sbin:/usr/sbin:/cm/local/apps/environment-modules/3.2.10/bin:/home/mingcanxiang/.local/bin:/home/mingcanxiang/bin
+++ unset CONDA_PREFIX_1
+++ PS1='(base) '
+++ export CONDA_PREFIX=/home/mingcanxiang/anaconda3
+++ CONDA_PREFIX=/home/mingcanxiang/anaconda3
+++ export CONDA_SHLVL=1
+++ CONDA_SHLVL=1
+++ export CONDA_DEFAULT_ENV=base
+++ CONDA_DEFAULT_ENV=base
+++ export 'CONDA_PROMPT_MODIFIER=(base) '
+++ CONDA_PROMPT_MODIFIER='(base) '
+++ export CONDA_EXE=/home/mingcanxiang/anaconda3/bin/conda
+++ CONDA_EXE=/home/mingcanxiang/anaconda3/bin/conda
+++ export _CE_M=
+++ _CE_M=
+++ export _CE_CONDA=
+++ _CE_CONDA=
+++ export CONDA_PYTHON_EXE=/home/mingcanxiang/anaconda3/bin/python
+++ CONDA_PYTHON_EXE=/home/mingcanxiang/anaconda3/bin/python
++ '[' 0 '!=' 0 ']'
++ __conda_hashr
++ '[' -n '' ']'
++ '[' -n '' ']'
++ hash -r
+ unset __conda_setup
+ conda init bash
+ '[' 2 -lt 1 ']'
+ local cmd=init
+ shift
+ case "$cmd" in
+ CONDA_INTERNAL_OLDPATH=/home/mingcanxiang/anaconda3/bin:/home/mingcanxiang/anaconda3/condabin:/cm/shared/apps/hdf5/1.6.10/bin:/cm/shared/apps/openmpi/gcc/64/1.10.1/bin:/cm/local/apps/cuda/libs/current/bin:/cm/shared/apps/cuda75/sdk/7.5.18/bin/x86_64/linux/release:/cm/shared/apps/cuda75/toolkit/7.5.18/bin:/cm/shared/apps/slurm/16.05.8/sbin:/cm/shared/apps/slurm/16.05.8/bin:/usr/local/bin:/usr/bin:/usr/local/sbin:/usr/sbin:/sbin:/usr/sbin:/cm/local/apps/environment-modules/3.2.10/bin:/home/mingcanxiang/.local/bin:/home/mingcanxiang/bin
+ __add_sys_prefix_to_path
+ '[' -n '' ']'
++ dirname /home/mingcanxiang/anaconda3/bin/conda
+ SYSP=/home/mingcanxiang/anaconda3/bin
++ dirname /home/mingcanxiang/anaconda3/bin
+ SYSP=/home/mingcanxiang/anaconda3
+ '[' -n '' ']'
+ PATH=/home/mingcanxiang/anaconda3/bin:/home/mingcanxiang/anaconda3/bin:/home/mingcanxiang/anaconda3/condabin:/cm/shared/apps/hdf5/1.6.10/bin:/cm/shared/apps/openmpi/gcc/64/1.10.1/bin:/cm/local/apps/cuda/libs/current/bin:/cm/shared/apps/cuda75/sdk/7.5.18/bin/x86_64/linux/release:/cm/shared/apps/cuda75/toolkit/7.5.18/bin:/cm/shared/apps/slurm/16.05.8/sbin:/cm/shared/apps/slurm/16.05.8/bin:/usr/local/bin:/usr/bin:/usr/local/sbin:/usr/sbin:/sbin:/usr/sbin:/cm/local/apps/environment-modules/3.2.10/bin:/home/mingcanxiang/.local/bin:/home/mingcanxiang/bin
+ export PATH
+ /home/mingcanxiang/anaconda3/bin/conda init bash
+ local t1=0
+ PATH=/home/mingcanxiang/anaconda3/bin:/home/mingcanxiang/anaconda3/condabin:/cm/shared/apps/hdf5/1.6.10/bin:/cm/shared/apps/openmpi/gcc/64/1.10.1/bin:/cm/local/apps/cuda/libs/current/bin:/cm/shared/apps/cuda75/sdk/7.5.18/bin/x86_64/linux/release:/cm/shared/apps/cuda75/toolkit/7.5.18/bin:/cm/shared/apps/slurm/16.05.8/sbin:/cm/shared/apps/slurm/16.05.8/bin:/usr/local/bin:/usr/bin:/usr/local/sbin:/usr/sbin:/sbin:/usr/sbin:/cm/local/apps/environment-modules/3.2.10/bin:/home/mingcanxiang/.local/bin:/home/mingcanxiang/bin
+ return 0
+ conda activate slimming36
+ '[' 2 -lt 1 ']'
+ local cmd=activate
+ shift
+ case "$cmd" in
+ __conda_activate activate slimming36
+ '[' -n '' ']'
+ local cmd=activate
+ shift
+ local ask_conda
+ CONDA_INTERNAL_OLDPATH=/home/mingcanxiang/anaconda3/bin:/home/mingcanxiang/anaconda3/condabin:/cm/shared/apps/hdf5/1.6.10/bin:/cm/shared/apps/openmpi/gcc/64/1.10.1/bin:/cm/local/apps/cuda/libs/current/bin:/cm/shared/apps/cuda75/sdk/7.5.18/bin/x86_64/linux/release:/cm/shared/apps/cuda75/toolkit/7.5.18/bin:/cm/shared/apps/slurm/16.05.8/sbin:/cm/shared/apps/slurm/16.05.8/bin:/usr/local/bin:/usr/bin:/usr/local/sbin:/usr/sbin:/sbin:/usr/sbin:/cm/local/apps/environment-modules/3.2.10/bin:/home/mingcanxiang/.local/bin:/home/mingcanxiang/bin
+ __add_sys_prefix_to_path
+ '[' -n '' ']'
++ dirname /home/mingcanxiang/anaconda3/bin/conda
+ SYSP=/home/mingcanxiang/anaconda3/bin
++ dirname /home/mingcanxiang/anaconda3/bin
+ SYSP=/home/mingcanxiang/anaconda3
+ '[' -n '' ']'
+ PATH=/home/mingcanxiang/anaconda3/bin:/home/mingcanxiang/anaconda3/bin:/home/mingcanxiang/anaconda3/condabin:/cm/shared/apps/hdf5/1.6.10/bin:/cm/shared/apps/openmpi/gcc/64/1.10.1/bin:/cm/local/apps/cuda/libs/current/bin:/cm/shared/apps/cuda75/sdk/7.5.18/bin/x86_64/linux/release:/cm/shared/apps/cuda75/toolkit/7.5.18/bin:/cm/shared/apps/slurm/16.05.8/sbin:/cm/shared/apps/slurm/16.05.8/bin:/usr/local/bin:/usr/bin:/usr/local/sbin:/usr/sbin:/sbin:/usr/sbin:/cm/local/apps/environment-modules/3.2.10/bin:/home/mingcanxiang/.local/bin:/home/mingcanxiang/bin
+ export PATH
++ PS1='(base) '
++ /home/mingcanxiang/anaconda3/bin/conda shell.posix activate slimming36
+ ask_conda='PS1='\''(slimming36) '\''
export PATH='\''/home/mingcanxiang/anaconda3/envs/slimming36/bin:/home/mingcanxiang/anaconda3/condabin:/cm/shared/apps/hdf5/1.6.10/bin:/cm/shared/apps/openmpi/gcc/64/1.10.1/bin:/cm/local/apps/cuda/libs/current/bin:/cm/shared/apps/cuda75/sdk/7.5.18/bin/x86_64/linux/release:/cm/shared/apps/cuda75/toolkit/7.5.18/bin:/cm/shared/apps/slurm/16.05.8/sbin:/cm/shared/apps/slurm/16.05.8/bin:/usr/local/bin:/usr/bin:/usr/local/sbin:/usr/sbin:/sbin:/usr/sbin:/cm/local/apps/environment-modules/3.2.10/bin:/home/mingcanxiang/.local/bin:/home/mingcanxiang/bin'\''
export CONDA_PREFIX='\''/home/mingcanxiang/anaconda3/envs/slimming36'\''
export CONDA_SHLVL='\''2'\''
export CONDA_DEFAULT_ENV='\''slimming36'\''
export CONDA_PROMPT_MODIFIER='\''(slimming36) '\''
export CONDA_EXE='\''/home/mingcanxiang/anaconda3/bin/conda'\''
export _CE_M='\'''\''
export _CE_CONDA='\'''\''
export CONDA_PYTHON_EXE='\''/home/mingcanxiang/anaconda3/bin/python'\''
export CONDA_PREFIX_1='\''/home/mingcanxiang/anaconda3'\'''
+ rc=0
+ PATH=/home/mingcanxiang/anaconda3/bin:/home/mingcanxiang/anaconda3/condabin:/cm/shared/apps/hdf5/1.6.10/bin:/cm/shared/apps/openmpi/gcc/64/1.10.1/bin:/cm/local/apps/cuda/libs/current/bin:/cm/shared/apps/cuda75/sdk/7.5.18/bin/x86_64/linux/release:/cm/shared/apps/cuda75/toolkit/7.5.18/bin:/cm/shared/apps/slurm/16.05.8/sbin:/cm/shared/apps/slurm/16.05.8/bin:/usr/local/bin:/usr/bin:/usr/local/sbin:/usr/sbin:/sbin:/usr/sbin:/cm/local/apps/environment-modules/3.2.10/bin:/home/mingcanxiang/.local/bin:/home/mingcanxiang/bin
+ eval 'PS1='\''(slimming36) '\''
export PATH='\''/home/mingcanxiang/anaconda3/envs/slimming36/bin:/home/mingcanxiang/anaconda3/condabin:/cm/shared/apps/hdf5/1.6.10/bin:/cm/shared/apps/openmpi/gcc/64/1.10.1/bin:/cm/local/apps/cuda/libs/current/bin:/cm/shared/apps/cuda75/sdk/7.5.18/bin/x86_64/linux/release:/cm/shared/apps/cuda75/toolkit/7.5.18/bin:/cm/shared/apps/slurm/16.05.8/sbin:/cm/shared/apps/slurm/16.05.8/bin:/usr/local/bin:/usr/bin:/usr/local/sbin:/usr/sbin:/sbin:/usr/sbin:/cm/local/apps/environment-modules/3.2.10/bin:/home/mingcanxiang/.local/bin:/home/mingcanxiang/bin'\''
export CONDA_PREFIX='\''/home/mingcanxiang/anaconda3/envs/slimming36'\''
export CONDA_SHLVL='\''2'\''
export CONDA_DEFAULT_ENV='\''slimming36'\''
export CONDA_PROMPT_MODIFIER='\''(slimming36) '\''
export CONDA_EXE='\''/home/mingcanxiang/anaconda3/bin/conda'\''
export _CE_M='\'''\''
export _CE_CONDA='\'''\''
export CONDA_PYTHON_EXE='\''/home/mingcanxiang/anaconda3/bin/python'\''
export CONDA_PREFIX_1='\''/home/mingcanxiang/anaconda3'\'''
++ PS1='(slimming36) '
++ export PATH=/home/mingcanxiang/anaconda3/envs/slimming36/bin:/home/mingcanxiang/anaconda3/condabin:/cm/shared/apps/hdf5/1.6.10/bin:/cm/shared/apps/openmpi/gcc/64/1.10.1/bin:/cm/local/apps/cuda/libs/current/bin:/cm/shared/apps/cuda75/sdk/7.5.18/bin/x86_64/linux/release:/cm/shared/apps/cuda75/toolkit/7.5.18/bin:/cm/shared/apps/slurm/16.05.8/sbin:/cm/shared/apps/slurm/16.05.8/bin:/usr/local/bin:/usr/bin:/usr/local/sbin:/usr/sbin:/sbin:/usr/sbin:/cm/local/apps/environment-modules/3.2.10/bin:/home/mingcanxiang/.local/bin:/home/mingcanxiang/bin
++ PATH=/home/mingcanxiang/anaconda3/envs/slimming36/bin:/home/mingcanxiang/anaconda3/condabin:/cm/shared/apps/hdf5/1.6.10/bin:/cm/shared/apps/openmpi/gcc/64/1.10.1/bin:/cm/local/apps/cuda/libs/current/bin:/cm/shared/apps/cuda75/sdk/7.5.18/bin/x86_64/linux/release:/cm/shared/apps/cuda75/toolkit/7.5.18/bin:/cm/shared/apps/slurm/16.05.8/sbin:/cm/shared/apps/slurm/16.05.8/bin:/usr/local/bin:/usr/bin:/usr/local/sbin:/usr/sbin:/sbin:/usr/sbin:/cm/local/apps/environment-modules/3.2.10/bin:/home/mingcanxiang/.local/bin:/home/mingcanxiang/bin
++ export CONDA_PREFIX=/home/mingcanxiang/anaconda3/envs/slimming36
++ CONDA_PREFIX=/home/mingcanxiang/anaconda3/envs/slimming36
++ export CONDA_SHLVL=2
++ CONDA_SHLVL=2
++ export CONDA_DEFAULT_ENV=slimming36
++ CONDA_DEFAULT_ENV=slimming36
++ export 'CONDA_PROMPT_MODIFIER=(slimming36) '
++ CONDA_PROMPT_MODIFIER='(slimming36) '
++ export CONDA_EXE=/home/mingcanxiang/anaconda3/bin/conda
++ CONDA_EXE=/home/mingcanxiang/anaconda3/bin/conda
++ export _CE_M=
++ _CE_M=
++ export _CE_CONDA=
++ _CE_CONDA=
++ export CONDA_PYTHON_EXE=/home/mingcanxiang/anaconda3/bin/python
++ CONDA_PYTHON_EXE=/home/mingcanxiang/anaconda3/bin/python
++ export CONDA_PREFIX_1=/home/mingcanxiang/anaconda3
++ CONDA_PREFIX_1=/home/mingcanxiang/anaconda3
+ '[' 0 '!=' 0 ']'
+ __conda_hashr
+ '[' -n '' ']'
+ '[' -n '' ']'
+ hash -r
+ sleep 1
+ bash /home/mingcanxiang/multi-task_models/network-slimming/finetune.sh
+ sleep 1
+ exit
